{
  "RSpec": {
    "coverage": {
      "F:/study/Mango apps/parking_lot/spec/controller/car_controller_spec.rb": {
        "lines": [

        ]
      },
      "F:/study/Mango apps/parking_lot/spec/controller/parking_slots_controller_spec.rb": {
        "lines": [
          1,
          null,
          1,
          1,
          3,
          1,
          4,
          4,
          null,
          1,
          3,
          null,
          null,
          1,
          1,
          1,
          1,
          null,
          null,
          null,
          1,
          1,
          1,
          1,
          null,
          null,
          null,
          1,
          1,
          1,
          null,
          null,
          1,
          1,
          1,
          null,
          null,
          null,
          null,
          1,
          3,
          2,
          3,
          null,
          1,
          null,
          1,
          1,
          1,
          null,
          null,
          null,
          1,
          2,
          1,
          1,
          1,
          null,
          null,
          null,
          null
        ]
      },
      "F:/study/Mango apps/parking_lot/spec/rails_helper.rb": {
        "lines": [
          null,
          1,
          1,
          1,
          1,
          null,
          1,
          1,
          null,
          1,
          1,
          null,
          null,
          null,
          null,
          null,
          null,
          null,
          null,
          null,
          null,
          null,
          null,
          null,
          null,
          null,
          null,
          null,
          null,
          null,
          null,
          1,
          null,
          0,
          null,
          1,
          null,
          1,
          null,
          null,
          null,
          null,
          1,
          null,
          null,
          null,
          null,
          null,
          null,
          null,
          null,
          null,
          null,
          null,
          null,
          null,
          null,
          null,
          null,
          null,
          1,
          null,
          null,
          1,
          null,
          null,
          null
        ]
      },
      "F:/study/Mango apps/parking_lot/config/environment.rb": {
        "lines": [
          null,
          1,
          null,
          null,
          1
        ]
      },
      "F:/study/Mango apps/parking_lot/config/application.rb": {
        "lines": [
          1,
          null,
          1,
          null,
          null,
          null,
          1,
          null,
          1,
          1,
          null,
          1,
          null,
          null,
          null,
          null,
          null,
          null,
          null,
          null,
          null,
          null
        ]
      },
      "F:/study/Mango apps/parking_lot/config/boot.rb": {
        "lines": [
          1,
          null,
          1,
          1
        ]
      },
      "F:/study/Mango apps/parking_lot/config/environments/test.rb": {
        "lines": [
          1,
          null,
          null,
          null,
          null,
          null,
          null,
          1,
          null,
          null,
          null,
          1,
          null,
          null,
          null,
          null,
          1,
          null,
          null,
          1,
          1,
          null,
          null,
          null,
          null,
          1,
          1,
          1,
          null,
          null,
          1,
          null,
          null,
          1,
          null,
          null,
          1,
          null,
          1,
          null,
          null,
          null,
          null,
          1,
          null,
          null,
          1,
          null,
          null,
          1,
          null,
          null,
          1,
          null,
          null,
          null,
          null,
          null,
          null,
          null
        ]
      },
      "F:/study/Mango apps/parking_lot/config/initializers/assets.rb": {
        "lines": [
          null,
          null,
          null,
          1,
          null,
          null,
          null,
          null,
          null,
          null,
          null,
          null
        ]
      },
      "F:/study/Mango apps/parking_lot/config/initializers/content_security_policy.rb": {
        "lines": [
          null,
          null,
          null,
          null,
          null,
          null,
          null,
          null,
          null,
          null,
          null,
          null,
          null,
          null,
          null,
          null,
          null,
          null,
          null,
          null,
          null,
          null,
          null,
          null,
          null
        ]
      },
      "F:/study/Mango apps/parking_lot/config/initializers/filter_parameter_logging.rb": {
        "lines": [
          null,
          null,
          null,
          null,
          null,
          1,
          null,
          null
        ]
      },
      "F:/study/Mango apps/parking_lot/config/initializers/inflections.rb": {
        "lines": [
          null,
          null,
          null,
          null,
          null,
          null,
          null,
          null,
          null,
          null,
          null,
          null,
          null,
          null,
          null,
          null
        ]
      },
      "F:/study/Mango apps/parking_lot/config/initializers/permissions_policy.rb": {
        "lines": [
          null,
          null,
          null,
          null,
          null,
          null,
          null,
          null,
          null,
          null,
          null
        ]
      },
      "F:/study/Mango apps/parking_lot/spec/factories/car.rb": {
        "lines": [
          null,
          1,
          1,
          7,
          8,
          null,
          null
        ]
      },
      "F:/study/Mango apps/parking_lot/spec/factories/parking_slot.rb": {
        "lines": [
          1,
          1,
          4,
          6,
          6,
          6,
          null,
          null
        ]
      },
      "F:/study/Mango apps/parking_lot/config/routes.rb": {
        "lines": [
          1,
          null,
          null,
          null,
          1,
          1,
          1,
          1,
          1,
          null,
          null,
          1,
          1,
          null
        ]
      },
      "F:/study/Mango apps/parking_lot/app/helpers/application_helper.rb": {
        "lines": [
          1,
          null
        ]
      },
      "F:/study/Mango apps/parking_lot/app/helpers/cars_helper.rb": {
        "lines": [
          1,
          null
        ]
      },
      "F:/study/Mango apps/parking_lot/app/helpers/parking_helper.rb": {
        "lines": [
          1,
          null
        ]
      },
      "F:/study/Mango apps/parking_lot/app/helpers/parking_slots_helper.rb": {
        "lines": [
          1,
          null
        ]
      },
      "F:/study/Mango apps/parking_lot/app/controllers/parking_slots_controller.rb": {
        "lines": [
          1,
          null,
          1,
          0,
          null,
          null,
          1,
          3,
          3,
          3,
          null,
          3,
          1,
          1,
          null,
          null,
          2,
          2,
          1,
          1,
          1,
          1,
          1,
          null,
          1,
          1,
          null,
          null,
          0,
          0,
          null,
          null,
          null,
          null,
          1,
          0,
          0,
          0,
          null,
          null,
          null,
          null,
          null,
          1,
          2,
          2,
          2,
          null,
          2,
          1,
          1,
          1,
          1,
          null,
          1,
          1,
          null,
          null,
          null,
          1,
          2,
          null,
          2,
          0,
          null,
          2,
          null,
          null,
          null,
          null
        ]
      },
      "F:/study/Mango apps/parking_lot/app/controllers/application_controller.rb": {
        "lines": [
          1,
          1,
          null
        ]
      },
      "F:/study/Mango apps/parking_lot/spec/models/cars_spec.rb": {
        "lines": [
          1,
          null,
          1,
          1,
          null,
          1,
          1,
          1,
          null,
          null,
          1,
          1,
          1,
          null,
          null,
          1,
          1,
          1,
          1,
          null,
          null,
          null
        ]
      },
      "F:/study/Mango apps/parking_lot/app/models/car.rb": {
        "lines": [
          1,
          1,
          1,
          1,
          null
        ]
      },
      "F:/study/Mango apps/parking_lot/app/models/application_record.rb": {
        "lines": [
          1,
          1,
          null
        ]
      },
      "F:/study/Mango apps/parking_lot/spec/models/parking_slot_spec.rb": {
        "lines": [

        ]
      },
      "F:/study/Mango apps/parking_lot/spec/models/ticket_spec.rb": {
        "lines": [

        ]
      },
      "F:/study/Mango apps/parking_lot/app/models/parking_slot.rb": {
        "lines": [
          1,
          1,
          null
        ]
      },
      "F:/study/Mango apps/parking_lot/app/models/ticket.rb": {
        "lines": [
          1,
          1,
          1,
          null
        ]
      }
    },
    "timestamp": 1690714606
  }
}
